<?xml version="1.0" encoding="utf-8"?><testsuites name="pytest tests"><testsuite name="pytest" errors="0" failures="0" skipped="0" tests="17" time="6.714" timestamp="2026-07-15T22:57:06.287336+00:00" hostname="agent-env-3b9e3408-95ac-4b5f-8631-cc3844649e42"><testcase classname="tests.test_auth_phase3a" name="test_register_sends_exactly_one_verification_email" time="0.371" /><testcase classname="tests.test_auth_phase3a" name="test_login_before_verification_returns_403" time="0.244" /><testcase classname="tests.test_auth_phase3a" name="test_verify_email_and_reuse_token_fails" time="0.329" /><testcase classname="tests.test_auth_phase3a" name="test_verify_invalid_token_returns_400" time="0.103" /><testcase classname="tests.test_auth_phase3a" name="test_login_after_verification_returns_tokens" time="0.326" /><testcase classname="tests.test_auth_phase3a" name="test_wrong_password_generic_401" time="0.356" /><testcase classname="tests.test_auth_phase3a" name="test_brute_force_lockout_returns_429" time="0.789" /><testcase classname="tests.test_auth_phase3a" name="test_forgot_password_generic_ok" time="0.352" /><testcase classname="tests.test_auth_phase3a" name="test_reset_password_revokes_sessions_and_token_reuse_fails" time="0.688" /><testcase classname="tests.test_auth_phase3a" name="test_weak_password_on_register_returns_422" time="0.099" /><testcase classname="tests.test_auth_phase3a" name="test_weak_password_on_reset_returns_422" time="0.371" /><testcase classname="tests.test_auth_phase3a" name="test_duplicate_registration_of_verified_returns_generic_200" time="0.290" /><testcase classname="tests.test_auth_phase3a" name="test_email_normalization_mixed_case" time="0.333" /><testcase classname="tests.test_auth_phase3a" name="test_two_user_data_isolation" time="1.278" /><testcase classname="tests.test_auth_phase3a" name="test_logout_all_revokes_old_access" time="0.446" /><testcase classname="tests.test_auth_phase3a" name="test_google_endpoint_returns_401_on_invalid_token" time="0.176" /><testcase classname="tests.test_auth_phase3a" name="test_dev_login_ok" time="0.100" /></testsuite></testsuites>