<?xml version="1.0" encoding="utf-8"?><testsuites name="pytest tests"><testsuite name="pytest" errors="0" failures="0" skipped="0" tests="5" time="4.813" timestamp="2026-07-15T21:56:53.382717+00:00" hostname="agent-env-3b9e3408-95ac-4b5f-8631-cc3844649e42"><testcase classname="tests.test_briefing_manual" name="test_2_briefing_keys" time="0.251" /><testcase classname="tests.test_briefing_manual" name="test_3_due_today_task" time="0.304" /><testcase classname="tests.test_briefing_manual" name="test_4_overdue_and_tomorrow" time="0.402" /><testcase classname="tests.test_briefing_manual" name="test_5_mark_done_disappears" time="0.506" /><testcase classname="tests.test_briefing_manual" name="test_6_other_endpoints_no_500" time="3.329" /></testsuite></testsuites>