<?xml version="1.0" encoding="utf-8"?><testsuites name="pytest tests"><testsuite name="pytest" errors="0" failures="0" skipped="0" tests="24" time="8.435" timestamp="2026-07-15T23:49:12.068073+00:00" hostname="agent-env-3b9e3408-95ac-4b5f-8631-cc3844649e42"><testcase classname="backend.tests.test_calendar_phase3b.TestConnection" name="test_default_connection_is_disconnected" time="0.190" /><testcase classname="backend.tests.test_calendar_phase3b.TestConnection" name="test_connect_read_write_status_connected" time="0.215" /><testcase classname="backend.tests.test_calendar_phase3b.TestConnection" name="test_connect_read_only_status_read_only" time="0.196" /><testcase classname="backend.tests.test_calendar_phase3b.TestConnection" name="test_invalid_access_mode_rejected" time="0.147" /><testcase classname="backend.tests.test_calendar_phase3b.TestPending" name="test_pending_empty_when_disconnected" time="0.204" /><testcase classname="backend.tests.test_calendar_phase3b.TestPending" name="test_pending_empty_when_read_only" time="0.279" /><testcase classname="backend.tests.test_calendar_phase3b.TestPending" name="test_pending_lists_events_when_read_write" time="0.272" /><testcase classname="backend.tests.test_calendar_phase3b.TestSyncLink" name="test_sync_links_event_and_removes_from_pending" time="0.435" /><testcase classname="backend.tests.test_calendar_phase3b.TestExternalIngestLinked" name="test_title_only_change_auto_applies_for_non_high_risk" time="0.432" /><testcase classname="backend.tests.test_calendar_phase3b.TestExternalIngestLinked" name="test_time_change_creates_review_and_does_not_modify" time="0.447" /><testcase classname="backend.tests.test_calendar_phase3b.TestExternalIngestLinked" name="test_high_risk_exam_time_change_queues_review" time="0.420" /><testcase classname="backend.tests.test_calendar_phase3b.TestExternalIngestLinked" name="test_high_risk_recurring_title_change_queues_review" time="0.388" /><testcase classname="backend.tests.test_calendar_phase3b.TestReviewActions" name="test_approve_applies_change" time="0.450" /><testcase classname="backend.tests.test_calendar_phase3b.TestReviewActions" name="test_dismiss_leaves_change" time="0.424" /><testcase classname="backend.tests.test_calendar_phase3b.TestDeletionDetection" name="test_missing_from_window_creates_external_delete_review" time="0.512" /><testcase classname="backend.tests.test_calendar_phase3b.TestExternalMirror" name="test_non_sa_stored_and_no_tasks_created" time="0.362" /><testcase classname="backend.tests.test_calendar_phase3b.TestStatus" name="test_permission_revoked_disconnects" time="0.275" /><testcase classname="backend.tests.test_calendar_phase3b.TestStatus" name="test_sync_failed_stores_reason" time="0.240" /><testcase classname="backend.tests.test_calendar_phase3b.TestStatus" name="test_invalid_status_422" time="0.160" /><testcase classname="backend.tests.test_calendar_phase3b.TestBriefing" name="test_briefing_shows_external_and_conflict" time="0.453" /><testcase classname="backend.tests.test_calendar_phase3b.TestIsolation" name="test_user_b_cannot_see_user_a_data" time="0.562" /><testcase classname="backend.tests.test_calendar_phase3b.TestRegressions" name="test_regression_endpoints" time="0.628" /><testcase classname="backend.tests.test_calendar_phase3b.TestDeleteAccount" name="test_dev_login_account_deletes_without_password" time="0.158" /><testcase classname="backend.tests.test_calendar_phase3b.TestDeleteAccount" name="test_password_account_requires_password" time="0.558" /></testsuite></testsuites>