<?xml version="1.0" encoding="utf-8"?><testsuites name="pytest tests"><testsuite name="pytest" errors="0" failures="0" skipped="0" tests="2" time="0.811" timestamp="2026-07-15T23:49:02.723865+00:00" hostname="agent-env-3b9e3408-95ac-4b5f-8631-cc3844649e42"><testcase classname="backend.tests.test_calendar_phase3b.TestDeleteAccount" name="test_dev_login_account_deletes_without_password" time="0.220" /><testcase classname="backend.tests.test_calendar_phase3b.TestDeleteAccount" name="test_password_account_requires_password" time="0.535" /></testsuite></testsuites>