<?xml version="1.0" encoding="utf-8"?><testsuites name="pytest tests"><testsuite name="pytest" errors="0" failures="0" skipped="0" tests="11" time="5.753" timestamp="2026-07-14T22:37:06.073791+00:00" hostname="agent-env-3b9e3408-95ac-4b5f-8631-cc3844649e42"><testcase classname="tests.test_device_bug_fixes.TestReopenTask" name="test_reopen_flow" time="1.223" /><testcase classname="tests.test_device_bug_fixes.TestEditTaskFields" name="test_update_all_fields" time="0.316" /><testcase classname="tests.test_device_bug_fixes.TestEventPatchDelete" name="test_patch_event" time="0.314" /><testcase classname="tests.test_device_bug_fixes.TestEventPatchDelete" name="test_delete_event" time="0.435" /><testcase classname="tests.test_device_bug_fixes.TestEventPatchDelete" name="test_patch_missing_event_returns_404" time="0.146" /><testcase classname="tests.test_device_bug_fixes.TestOtherEndpointsRegression" name="test_briefing_200" time="0.210" /><testcase classname="tests.test_device_bug_fixes.TestOtherEndpointsRegression" name="test_reminders_list_200" time="0.131" /><testcase classname="tests.test_device_bug_fixes.TestOtherEndpointsRegression" name="test_reminders_sync_200" time="0.139" /><testcase classname="tests.test_device_bug_fixes.TestOtherEndpointsRegression" name="test_capture_200" time="2.463" /><testcase classname="tests.test_device_bug_fixes.TestOtherEndpointsRegression" name="test_courses_200" time="0.172" /><testcase classname="tests.test_device_bug_fixes.TestOtherEndpointsRegression" name="test_timeline_200" time="0.174" /></testsuite></testsuites>