<?xml version="1.0" encoding="utf-8"?><testsuites name="pytest tests"><testsuite name="pytest" errors="0" failures="0" skipped="0" tests="7" time="0.882" timestamp="2026-07-16T15:42:35.060113+00:00" hostname="agent-env-3b9e3408-95ac-4b5f-8631-cc3844649e42"><testcase classname="backend.tests.test_login_cleanup_it12.TestEmailPasswordFlow" name="test_register" time="0.377" /><testcase classname="backend.tests.test_login_cleanup_it12.TestEmailPasswordFlow" name="test_verify_from_dev_outbox" time="0.097" /><testcase classname="backend.tests.test_login_cleanup_it12.TestEmailPasswordFlow" name="test_login_after_verify" time="0.108" /><testcase classname="backend.tests.test_login_cleanup_it12.TestEmailPasswordFlow" name="test_login_bad_password_is_401" time="0.086" /><testcase classname="backend.tests.test_login_cleanup_it12.TestForgotPassword" name="test_forgot_generic_200" time="0.046" /><testcase classname="backend.tests.test_login_cleanup_it12.TestForgotPassword" name="test_forgot_unknown_email_generic_200" time="0.086" /><testcase classname="backend.tests.test_login_cleanup_it12.TestDevLoginPreview" name="test_dev_login_still_available_in_preview" time="0.054" /></testsuite></testsuites>