<?xml version="1.0" encoding="utf-8"?><testsuites name="pytest tests"><testsuite name="pytest" errors="0" failures="0" skipped="0" tests="20" time="14.286" timestamp="2026-07-16T21:24:04.522377+00:00" hostname="agent-env-3b9e3408-95ac-4b5f-8631-cc3844649e42"><testcase classname="tests.test_monetization_e2e.TestStatusEndpoints" name="test_billing_status_shape_free" time="0.579" /><testcase classname="tests.test_monetization_e2e.TestStatusEndpoints" name="test_usage_status_matches_billing_shape" time="0.133" /><testcase classname="tests.test_monetization_e2e.TestStatusEndpoints" name="test_plan_config" time="0.116" /><testcase classname="tests.test_monetization_e2e.TestBillingVerify" name="test_verify_returns_503_when_billing_disabled" time="0.116" /><testcase classname="tests.test_monetization_e2e.TestBillingVerify" name="test_verify_never_grants_premium" time="0.117" /><testcase classname="tests.test_monetization_e2e.TestMonetizationEvent" name="test_valid_kind_ok" time="0.125" /><testcase classname="tests.test_monetization_e2e.TestMonetizationEvent" name="test_unknown_kind_400" time="0.144" /><testcase classname="tests.test_monetization_e2e.TestAdminGating" name="test_admin_monetization_forbidden" time="0.132" /><testcase classname="tests.test_monetization_e2e.TestAdminGating" name="test_admin_cost_projection_forbidden" time="0.148" /><testcase classname="tests.test_monetization_e2e.TestImportMetering" name="test_import_1_consumes" time="2.972" /><testcase classname="tests.test_monetization_e2e.TestImportMetering" name="test_import_2_consumes" time="2.786" /><testcase classname="tests.test_monetization_e2e.TestImportMetering" name="test_import_3_blocked_with_structured_402" time="0.129" /><testcase classname="tests.test_monetization_e2e.TestMemoryQuestionMetering" name="test_search_no_grounding_returns_early_no_consume" time="1.872" /><testcase classname="tests.test_monetization_e2e.TestMemoryQuestionMetering" name="test_search_grounded_meters_and_exhausts" time="4.151" /><testcase classname="tests.test_monetization_e2e.TestMemoryQuestionMetering" name="test_search_6_blocked_402" time="0.109" /><testcase classname="tests.test_monetization_e2e.TestRegressionAfterLimits" name="test_tasks_get_200" time="0.141" /><testcase classname="tests.test_monetization_e2e.TestRegressionAfterLimits" name="test_events_get_200" time="0.130" /><testcase classname="tests.test_monetization_e2e.TestRegressionAfterLimits" name="test_briefing_get_200" time="0.104" /><testcase classname="tests.test_monetization_e2e.TestRegressionAfterLimits" name="test_review_get_200" time="0.110" /><testcase classname="tests.test_monetization_e2e.TestRegressionAfterLimits" name="test_manual_task_create_not_blocked_by_paywall" time="0.121" /></testsuite></testsuites>