<?xml version="1.0" encoding="utf-8"?><testsuites name="pytest tests"><testsuite name="pytest" errors="0" failures="0" skipped="0" tests="20" time="9.526" timestamp="2026-07-16T13:27:43.461300+00:00" hostname="agent-env-3b9e3408-95ac-4b5f-8631-cc3844649e42"><testcase classname="backend.tests.test_listen_diagnostics_phase3c.TestActiveListening" name="test_start_returns_listening_and_active_matches" time="0.415" /><testcase classname="backend.tests.test_listen_diagnostics_phase3c.TestActiveListening" name="test_start_again_returns_same_session" time="0.060" /><testcase classname="backend.tests.test_listen_diagnostics_phase3c.TestActiveListening" name="test_pause_and_resume" time="0.151" /><testcase classname="backend.tests.test_listen_diagnostics_phase3c.TestActiveListening" name="test_append_accumulates_transcript" time="0.175" /><testcase classname="backend.tests.test_listen_diagnostics_phase3c.TestActiveListening" name="test_stop_with_real_transcript_produces_items" time="5.374" /><testcase classname="backend.tests.test_listen_diagnostics_phase3c.TestActiveListening" name="test_undo_removes_items_and_marks_undone" time="0.295" /><testcase classname="backend.tests.test_listen_diagnostics_phase3c.TestActiveListening" name="test_stop_empty_transcript_no_crash" time="0.121" /><testcase classname="backend.tests.test_listen_diagnostics_phase3c.TestDiagnostics" name="test_diagnostics_has_all_keys_and_tz_echo" time="0.064" /><testcase classname="backend.tests.test_listen_diagnostics_phase3c.TestDiagnostics" name="test_device_state_reflected" time="0.127" /><testcase classname="backend.tests.test_listen_diagnostics_phase3c.TestDiagnostics" name="test_test_backend" time="0.060" /><testcase classname="backend.tests.test_listen_diagnostics_phase3c.TestDiagnostics" name="test_test_ai_live" time="1.588" /><testcase classname="backend.tests.test_listen_diagnostics_phase3c.TestDiagnostics" name="test_test_calendar_read" time="0.058" /><testcase classname="backend.tests.test_listen_diagnostics_phase3c.TestDiagnostics" name="test_retry_jobs" time="0.062" /><testcase classname="backend.tests.test_listen_diagnostics_phase3c.TestDiagnostics" name="test_report_includes_recent_ledger" time="0.062" /><testcase classname="backend.tests.test_listen_diagnostics_phase3c.TestIsolation" name="test_user_b_cannot_see_user_a_sessions" time="0.274" /><testcase classname="backend.tests.test_listen_diagnostics_phase3c.TestIsolation" name="test_user_b_diagnostics_isolated" time="0.114" /><testcase classname="backend.tests.test_listen_diagnostics_phase3c.TestIsolation" name="test_user_b_cannot_read_a_session_by_id" time="0.107" /><testcase classname="backend.tests.test_listen_diagnostics_phase3c.TestRegression" name="test_dev_login_200" time="0.122" /><testcase classname="backend.tests.test_listen_diagnostics_phase3c.TestRegression" name="test_core_endpoints_200" time="0.174" /><testcase classname="backend.tests.test_listen_diagnostics_phase3c.TestRegression" name="test_briefing_200" time="0.058" /></testsuite></testsuites>