<?xml version="1.0" encoding="utf-8"?><testsuites name="pytest tests"><testsuite name="pytest" errors="0" failures="0" skipped="0" tests="13" time="6.797" timestamp="2026-07-14T16:04:34.474638+00:00" hostname="agent-env-3b9e3408-95ac-4b5f-8631-cc3844649e42"><testcase classname="backend.tests.test_phase2_reliability.TestCommitmentPipeline" name="test_capture_high_conf_creates_event_and_ledger" time="0.745" /><testcase classname="backend.tests.test_phase2_reliability.TestReviewPath" name="test_ambiguous_goes_to_review_then_approve" time="0.353" /><testcase classname="backend.tests.test_phase2_reliability.TestReviewPath" name="test_ignore_dismisses_commitment" time="0.478" /><testcase classname="backend.tests.test_phase2_reliability.TestIdempotency" name="test_same_key_returns_cached" time="0.578" /><testcase classname="backend.tests.test_phase2_reliability.TestAICap" name="test_daily_cap_returns_429" time="0.734" /><testcase classname="backend.tests.test_phase2_reliability.TestReminders" name="test_delivered_sets_delivered_at" time="0.283" /><testcase classname="backend.tests.test_phase2_reliability.TestReminders" name="test_failed_retries_then_final_failed" time="0.442" /><testcase classname="backend.tests.test_phase2_reliability.TestReminders" name="test_snoozed_reschedules" time="0.252" /><testcase classname="backend.tests.test_phase2_reliability.TestReminders" name="test_sync_and_health" time="0.223" /><testcase classname="backend.tests.test_phase2_reliability.TestChunkedUpload" name="test_upload_lifecycle" time="0.680" /><testcase classname="backend.tests.test_phase2_reliability.TestCalendarSync" name="test_pending_sync_unlink" time="0.701" /><testcase classname="backend.tests.test_phase2_reliability.TestSearch" name="test_keyword_search" time="0.218" /><testcase classname="backend.tests.test_phase2_reliability.TestCrossUserIsolation" name="test_a_data_not_visible_to_b" time="1.048" /></testsuite></testsuites>