<?xml version="1.0" encoding="utf-8"?><testsuites name="pytest tests"><testsuite name="pytest" errors="0" failures="0" skipped="0" tests="16" time="49.840" timestamp="2026-07-13T14:27:46.650149+00:00" hostname="agent-env-3b9e3408-95ac-4b5f-8631-cc3844649e42"><testcase classname="backend.tests.backend_test.TestHealth" name="test_root" time="0.231" /><testcase classname="backend.tests.backend_test.TestBriefing" name="test_briefing_shape" time="0.051" /><testcase classname="backend.tests.backend_test.TestCapture" name="test_capture_returns_lists" time="4.971" /><testcase classname="backend.tests.backend_test.TestCapture" name="test_capture_creates_items" time="0.000" /><testcase classname="backend.tests.backend_test.TestTasks" name="test_task_crud" time="0.245" /><testcase classname="backend.tests.backend_test.TestEvents" name="test_event_crud" time="0.148" /><testcase classname="backend.tests.backend_test.TestTimeline" name="test_timeline_and_filter" time="0.100" /><testcase classname="backend.tests.backend_test.TestReview" name="test_review_list_and_action" time="3.662" /><testcase classname="backend.tests.backend_test.TestReview" name="test_approve_commits" time="4.194" /><testcase classname="backend.tests.backend_test.TestImport" name="test_import_schedule" time="9.495" /><testcase classname="backend.tests.backend_test.TestNotes" name="test_generate_shape" time="16.293" /><testcase classname="backend.tests.backend_test.TestNotes" name="test_list_notes" time="0.049" /><testcase classname="backend.tests.backend_test.TestSearch" name="test_search" time="4.218" /><testcase classname="backend.tests.backend_test.TestWeekly" name="test_weekly" time="5.920" /><testcase classname="backend.tests.backend_test.TestPrivacy" name="test_export" time="0.059" /><testcase classname="backend.tests.backend_test.TestPrivacy" name="test_wipe" time="0.153" /></testsuite></testsuites>