<?xml version="1.0" encoding="utf-8"?><testsuites name="pytest tests"><testsuite name="pytest" errors="0" failures="0" skipped="0" tests="16" time="49.171" timestamp="2026-07-14T00:22:00.471858+00:00" hostname="agent-env-3b9e3408-95ac-4b5f-8631-cc3844649e42"><testcase classname="backend.tests.backend_test.TestHealth" name="test_root" time="0.172" /><testcase classname="backend.tests.backend_test.TestBriefing" name="test_briefing_shape" time="0.054" /><testcase classname="backend.tests.backend_test.TestCapture" name="test_capture_returns_lists" time="4.898" /><testcase classname="backend.tests.backend_test.TestCapture" name="test_capture_creates_items" time="0.000" /><testcase classname="backend.tests.backend_test.TestTasks" name="test_task_crud" time="0.235" /><testcase classname="backend.tests.backend_test.TestEvents" name="test_event_crud" time="0.154" /><testcase classname="backend.tests.backend_test.TestTimeline" name="test_timeline_and_filter" time="0.089" /><testcase classname="backend.tests.backend_test.TestReview" name="test_review_list_and_action" time="2.822" /><testcase classname="backend.tests.backend_test.TestReview" name="test_approve_commits" time="3.139" /><testcase classname="backend.tests.backend_test.TestImport" name="test_import_schedule" time="10.019" /><testcase classname="backend.tests.backend_test.TestNotes" name="test_generate_shape" time="18.668" /><testcase classname="backend.tests.backend_test.TestNotes" name="test_list_notes" time="0.046" /><testcase classname="backend.tests.backend_test.TestSearch" name="test_search" time="3.457" /><testcase classname="backend.tests.backend_test.TestWeekly" name="test_weekly" time="5.165" /><testcase classname="backend.tests.backend_test.TestPrivacy" name="test_export" time="0.050" /><testcase classname="backend.tests.backend_test.TestPrivacy" name="test_wipe" time="0.144" /></testsuite></testsuites>