<?xml version="1.0" encoding="utf-8"?><testsuites name="pytest tests"><testsuite name="pytest" errors="0" failures="0" skipped="0" tests="9" time="30.302" timestamp="2026-07-14T00:21:25.213366+00:00" hostname="agent-env-3b9e3408-95ac-4b5f-8631-cc3844649e42"><testcase classname="backend.tests.test_v2_features.TestOverdueNudges" name="test_overdue_appears_in_risks" time="0.402" /><testcase classname="backend.tests.test_v2_features.TestOverdueNudges" name="test_promised_verb_for_followup" time="0.141" /><testcase classname="backend.tests.test_v2_features.TestEntityLinking" name="test_entity_field_present_and_linked_update" time="8.182" /><testcase classname="backend.tests.test_v2_features.TestReviewShape" name="test_low_confidence_review_has_labels" time="2.945" /><testcase classname="backend.tests.test_v2_features.TestImportAuto" name="test_import_auto_returns_doc_type_and_labels" time="9.634" /><testcase classname="backend.tests.test_v2_features.TestCourses" name="test_courses_list_and_detail" time="0.224" /><testcase classname="backend.tests.test_v2_features.TestReviewActions" name="test_ignore_action" time="3.439" /><testcase classname="backend.tests.test_v2_features.TestReviewActions" name="test_approve_commits" time="2.527" /><testcase classname="backend.tests.test_v2_features.TestReviewActions" name="test_delete_action" time="2.686" /></testsuite></testsuites>