<?xml version="1.0" encoding="utf-8"?><testsuites name="pytest tests"><testsuite name="pytest" errors="0" failures="0" skipped="0" tests="17" time="37.332" timestamp="2026-07-14T20:14:35.517395+00:00" hostname="agent-env-3b9e3408-95ac-4b5f-8631-cc3844649e42"><testcase classname="tests.test_refactor_regression.TestAuth" name="test_devlogin_me_unauth_refresh_logout" time="1.042" /><testcase classname="tests.test_refactor_regression.TestIsolation" name="test_ab_isolation" time="1.458" /><testcase classname="tests.test_refactor_regression.TestCRUD" name="test_task_lifecycle_cancels_reminders" time="0.493" /><testcase classname="tests.test_refactor_regression.TestCRUD" name="test_event_crud" time="0.323" /><testcase classname="tests.test_refactor_regression.TestLiveAI" name="test_capture" time="4.579" /><testcase classname="tests.test_refactor_regression.TestLiveAI" name="test_import" time="4.604" /><testcase classname="tests.test_refactor_regression.TestLiveAI" name="test_notes_generate" time="6.182" /><testcase classname="tests.test_refactor_regression.TestLiveAI" name="test_search" time="3.986" /><testcase classname="tests.test_refactor_regression.TestPlannerReadOnly" name="test_briefing_and_reviews" time="2.269" /><testcase classname="tests.test_refactor_regression.TestReliability" name="test_capture_creates_commitment_ledger_reminder" time="2.564" /><testcase classname="tests.test_refactor_regression.TestReliability" name="test_reminder_lifecycle" time="0.918" /><testcase classname="tests.test_refactor_regression.TestReliability" name="test_reminders_sync_and_health" time="0.281" /><testcase classname="tests.test_refactor_regression.TestCalendar" name="test_pending_sync_unlink" time="0.499" /><testcase classname="tests.test_refactor_regression.TestChunkedUpload" name="test_init_partial_complete_and_idempotent" time="3.197" /><testcase classname="tests.test_refactor_regression.TestIdempotency" name="test_capture_idempotency" time="1.979" /><testcase classname="tests.test_refactor_regression.TestAICap" name="test_daily_cap_429" time="2.358" /><testcase classname="tests.test_refactor_regression.TestPrefsExportDelete" name="test_prefs_export_delete" time="0.532" /></testsuite></testsuites>