<?xml version="1.0" encoding="utf-8"?><testsuites name="pytest tests"><testsuite name="pytest" errors="0" failures="0" skipped="0" tests="9" time="3.401" timestamp="2026-07-15T21:56:23.270954+00:00" hostname="agent-env-3b9e3408-95ac-4b5f-8631-cc3844649e42"><testcase classname="tests.test_today_aggregation" name="test_due_today_appears" time="0.478" /><testcase classname="tests.test_today_aggregation" name="test_due_tomorrow_is_upcoming_not_today" time="0.366" /><testcase classname="tests.test_today_aggregation" name="test_overdue_separate" time="0.368" /><testcase classname="tests.test_today_aggregation" name="test_completed_today_not_shown" time="0.426" /><testcase classname="tests.test_today_aggregation" name="test_due_no_time_treated_as_today" time="0.381" /><testcase classname="tests.test_today_aggregation" name="test_due_1159pm_today" time="0.332" /><testcase classname="tests.test_today_aggregation" name="test_timezone_shifts_day" time="0.408" /><testcase classname="tests.test_today_aggregation" name="test_no_timed_events_flag" time="0.304" /><testcase classname="tests.test_today_aggregation" name="test_external_event_today_in_schedule" time="0.320" /></testsuite></testsuites>