<?xml version="1.0" encoding="utf-8"?><testsuites name="pytest tests"><testsuite name="pytest" errors="0" failures="0" skipped="0" tests="32" time="17.000" timestamp="2026-07-14T02:56:02.752924+00:00" hostname="agent-env-3b9e3408-95ac-4b5f-8631-cc3844649e42"><testcase classname="backend.tests.test_v3_hardening.TestHealth" name="test_health" time="0.236" /><testcase classname="backend.tests.test_v3_hardening.TestAuth" name="test_unauth_tasks" time="0.052" /><testcase classname="backend.tests.test_v3_hardening.TestAuth" name="test_unauth_events" time="0.050" /><testcase classname="backend.tests.test_v3_hardening.TestAuth" name="test_unauth_briefing" time="0.050" /><testcase classname="backend.tests.test_v3_hardening.TestAuth" name="test_unauth_timeline" time="0.056" /><testcase classname="backend.tests.test_v3_hardening.TestAuth" name="test_unauth_me" time="0.049" /><testcase classname="backend.tests.test_v3_hardening.TestAuth" name="test_dev_login_returns_tokens" time="0.053" /><testcase classname="backend.tests.test_v3_hardening.TestAuth" name="test_me_with_bearer" time="0.049" /><testcase classname="backend.tests.test_v3_hardening.TestAuth" name="test_refresh_rotates" time="0.157" /><testcase classname="backend.tests.test_v3_hardening.TestAuth" name="test_logout_revokes" time="0.177" /><testcase classname="backend.tests.test_v3_hardening.TestIsolation" name="test_task_isolation" time="0.354" /><testcase classname="backend.tests.test_v3_hardening.TestIsolation" name="test_event_isolation" time="0.147" /><testcase classname="backend.tests.test_v3_hardening.TestIsolation" name="test_source_isolation" time="0.104" /><testcase classname="backend.tests.test_v3_hardening.TestIsolation" name="test_export_scoped" time="0.154" /><testcase classname="backend.tests.test_v3_hardening.TestIsolation" name="test_courses_scoped" time="0.157" /><testcase classname="backend.tests.test_v3_hardening.TestSecurity" name="test_wipe_removed" time="0.066" /><testcase classname="backend.tests.test_v3_hardening.TestSecurity" name="test_delete_me" time="0.204" /><testcase classname="backend.tests.test_v3_hardening.TestSecurity" name="test_import_oversized" time="1.307" /><testcase classname="backend.tests.test_v3_hardening.TestSecurity" name="test_rate_limit_dev_login" time="12.403" /><testcase classname="backend.tests.test_v3_hardening.TestAI503" name="test_capture_503" time="0.056" /><testcase classname="backend.tests.test_v3_hardening.TestAI503" name="test_import_text_503" time="0.047" /><testcase classname="backend.tests.test_v3_hardening.TestAI503" name="test_notes_generate_503" time="0.051" /><testcase classname="backend.tests.test_v3_hardening.TestAI503" name="test_search_503" time="0.053" /><testcase classname="backend.tests.test_v3_hardening.TestAI503" name="test_transcribe_503" time="0.050" /><testcase classname="backend.tests.test_v3_hardening.TestCRUD" name="test_task_crud_flow" time="0.200" /><testcase classname="backend.tests.test_v3_hardening.TestCRUD" name="test_event_crud_flow" time="0.154" /><testcase classname="backend.tests.test_v3_hardening.TestCRUD" name="test_briefing" time="0.054" /><testcase classname="backend.tests.test_v3_hardening.TestCRUD" name="test_courses_and_detail" time="0.167" /><testcase classname="backend.tests.test_v3_hardening.TestCRUD" name="test_timeline_filters" time="0.104" /><testcase classname="backend.tests.test_v3_hardening.TestCRUD" name="test_evening_review" time="0.053" /><testcase classname="backend.tests.test_v3_hardening.TestCRUD" name="test_weekly_review" time="0.051" /><testcase classname="backend.tests.test_v3_hardening.TestCRUD" name="test_prefs_get_put" time="0.105" /></testsuite></testsuites>